<?xml version="1.0" encoding="UTF-8"?>
<!-- Generated by org.testng.reporters.JUnitXMLReporter -->
<testsuite ignored="0" hostname="DESKTOP-80HLJ8Q" failures="0" tests="4" name="Default test" time="0.068" errors="0" timestamp="2022-07-19T09:57:10 IST">
  <testcase classname="org.practise.Practise" name="test1" time="0.009"/>
  <testcase classname="org.practise.Practise" name="test2" time="0.002"/>
  <testcase classname="org.practise.Practise" name="test3" time="0.001"/>
  <testcase classname="org.practise.Practise" name="test4" time="0.001"/>
</testsuite> <!-- Default test -->
